
Showing logs for build [32mmeta-cb-kubecd-environment-pr-5-1[0m stage [32mmeta-pipeline[0m and container [32mstep-credential-initializer-g8qqx[0m
{"level":"warn","ts":1568055680.4106283,"logger":"fallback-logger","caller":"logging/config.go:69","msg":"Fetch GitHub commit ID from kodata failed: \"ref: refs/heads/master\" is not a valid GitHub commit ID"}
{"level":"info","ts":1568055680.4111142,"logger":"fallback-logger","caller":"creds-init/main.go:40","msg":"Credentials initialized."}

Showing logs for build [32mmeta-cb-kubecd-environment-pr-5-1[0m stage [32mmeta-pipeline[0m and container [32mstep-working-dir-initializer-6xrfp[0m
{"level":"warn","ts":1568055681.3798466,"logger":"fallback-logger","caller":"logging/config.go:69","msg":"Fetch GitHub commit ID from kodata failed: open /var/run/ko/HEAD: no such file or directory"}
{"level":"info","ts":1568055681.3817618,"logger":"fallback-logger","caller":"bash/main.go:65","msg":"Successfully executed command \"mkdir -p /workspace/source\""}

Showing logs for build [32mmeta-cb-kubecd-environment-pr-5-1[0m stage [32mmeta-pipeline[0m and container [32mstep-place-tools[0m

Showing logs for build [32mmeta-cb-kubecd-environment-pr-5-1[0m stage [32mmeta-pipeline[0m and container [32mstep-git-source-meta-cb-kubecd-environment-pr-5-zwtfd[0m
{"level":"warn","ts":1568055686.444274,"logger":"fallback-logger","caller":"logging/config.go:69","msg":"Fetch GitHub commit ID from kodata failed: \"ref: refs/heads/master\" is not a valid GitHub commit ID"}
{"level":"info","ts":1568055687.548859,"logger":"fallback-logger","caller":"git/git.go:102","msg":"Successfully cloned https://github.com/cb-kubecd/environment-pr-5402-14-tekton-gkebdd-staging.git @ 96e85152a0f2ae8b9a7f33be5c651bb81da2bffe in path /workspace/source"}

Showing logs for build [32mmeta-cb-kubecd-environment-pr-5-1[0m stage [32mmeta-pipeline[0m and container [32mstep-git-merge[0m
Using SHAs from PULL_REFS=master:96e85152a0f2ae8b9a7f33be5c651bb81da2bffe,1:1f521cea18aa0eb5514dc25fcc8b3488f2a9d4f0
DEBUG: ran git fetch --unshallow origin 1f521cea18aa0eb5514dc25fcc8b3488f2a9d4f0: 96e85152a0f2ae8b9a7f33be5c651bb81da2bffe: in 
DEBUG: ran git checkout master in 
DEBUG: ran git reset --hard 96e85152a0f2ae8b9a7f33be5c651bb81da2bffe in 
DEBUG: ran clean --force -d . in 
DEBUG: ran git merge 1f521cea18aa0eb5514dc25fcc8b3488f2a9d4f0 in 
Merged SHA 1f521cea18aa0eb5514dc25fcc8b3488f2a9d4f0 with commit message 'chore: Promote bdd-spring-1568055261 to version 0.0.1' into base branch master

Showing logs for build [32mmeta-cb-kubecd-environment-pr-5-1[0m stage [32mmeta-pipeline[0m and container [32mstep-merge-pull-refs[0m
DEBUG: ran git fetch origin 1f521cea18aa0eb5514dc25fcc8b3488f2a9d4f0: 96e85152a0f2ae8b9a7f33be5c651bb81da2bffe: in 
DEBUG: Unshallowed git repo in 
DEBUG: ran git checkout master in 
DEBUG: ran git reset --hard 96e85152a0f2ae8b9a7f33be5c651bb81da2bffe in 
DEBUG: ran clean --force -d . in 
DEBUG: ran git merge 1f521cea18aa0eb5514dc25fcc8b3488f2a9d4f0 in 
Merged SHA 1f521cea18aa0eb5514dc25fcc8b3488f2a9d4f0 with commit message 'chore: Promote bdd-spring-1568055261 to version 0.0.1' into base branch master

Showing logs for build [32mmeta-cb-kubecd-environment-pr-5-1[0m stage [32mmeta-pipeline[0m and container [32mstep-create-effective-pipeline[0m
Deleting and cloning the Jenkins X versions repo
Cloning the Jenkins X versions repo https://github.com/jenkins-x/jenkins-x-versions.git with ref refs/heads/master to /builder/home/.**/jenkins-x-versions
selected pack: /builder/home/.**/draft/packs/github.com/jenkins-x-buildpacks/jenkins-x-kubernetes/packs/environment
Effective pipeline written to jenkins-x-promotion-build-effective.yml

Showing logs for build [32mmeta-cb-kubecd-environment-pr-5-1[0m stage [32mmeta-pipeline[0m and container [32mstep-create-tekton-crds[0m
PipelineActivity for cb-kubecd-environment-pr-5402-14-tekton-gkebdd-staging-PR-1-1
Applying changes 
upserted PipelineResource cb-kubecd-environment-pr-5402-1 for the git repository https://github.com/cb-kubecd/environment-pr-5402-14-tekton-gkebdd-staging.git
upserted Task cb-kubecd-environment-pr-5402-1-from-build-pack-1
upserted Pipeline cb-kubecd-environment-pr-5402-1-1
created PipelineRun cb-kubecd-environment-pr-5402-1-1
created PipelineStructure cb-kubecd-environment-pr-5402-1-1

waiting for stage [32mfrom-build-pack[0m : container [32mstep-credential-initializer-m47sz[0m to start...


Showing logs for build [32mmeta-cb-kubecd-environment-pr-5-1[0m stage [32mfrom-build-pack[0m and container [32mstep-credential-initializer-m47sz[0m
{"level":"warn","ts":1568055701.6508038,"logger":"fallback-logger","caller":"logging/config.go:69","msg":"Fetch GitHub commit ID from kodata failed: \"ref: refs/heads/master\" is not a valid GitHub commit ID"}
{"level":"info","ts":1568055701.651718,"logger":"fallback-logger","caller":"creds-init/main.go:40","msg":"Credentials initialized."}

waiting for stage [32mfrom-build-pack[0m : container [32mstep-working-dir-initializer-g6rnc[0m to start...


Showing logs for build [32mmeta-cb-kubecd-environment-pr-5-1[0m stage [32mfrom-build-pack[0m and container [32mstep-working-dir-initializer-g6rnc[0m
{"level":"warn","ts":1568055702.5844858,"logger":"fallback-logger","caller":"logging/config.go:69","msg":"Fetch GitHub commit ID from kodata failed: open /var/run/ko/HEAD: no such file or directory"}
{"level":"info","ts":1568055702.5865722,"logger":"fallback-logger","caller":"bash/main.go:65","msg":"Successfully executed command \"mkdir -p /workspace/source /workspace/source/env\""}

waiting for stage [32mfrom-build-pack[0m : container [32mstep-place-tools[0m to start...


Showing logs for build [32mmeta-cb-kubecd-environment-pr-5-1[0m stage [32mfrom-build-pack[0m and container [32mstep-place-tools[0m

waiting for stage [32mfrom-build-pack[0m : container [32mstep-git-source-cb-kubecd-environment-pr-5402-1-pxhq6[0m to start...


Showing logs for build [32mmeta-cb-kubecd-environment-pr-5-1[0m stage [32mfrom-build-pack[0m and container [32mstep-git-source-cb-kubecd-environment-pr-5402-1-pxhq6[0m
{"level":"warn","ts":1568055841.6534135,"logger":"fallback-logger","caller":"logging/config.go:69","msg":"Fetch GitHub commit ID from kodata failed: \"ref: refs/heads/master\" is not a valid GitHub commit ID"}
{"level":"info","ts":1568055843.8699658,"logger":"fallback-logger","caller":"git/git.go:102","msg":"Successfully cloned https://github.com/cb-kubecd/environment-pr-5402-14-tekton-gkebdd-staging.git @ master in path /workspace/source"}

waiting for stage [32mfrom-build-pack[0m : container [32mstep-git-merge[0m to start...


Showing logs for build [32mmeta-cb-kubecd-environment-pr-5-1[0m stage [32mfrom-build-pack[0m and container [32mstep-git-merge[0m
Using SHAs from PULL_REFS=master:96e85152a0f2ae8b9a7f33be5c651bb81da2bffe,1:1f521cea18aa0eb5514dc25fcc8b3488f2a9d4f0
DEBUG: ran git fetch origin 1f521cea18aa0eb5514dc25fcc8b3488f2a9d4f0: 96e85152a0f2ae8b9a7f33be5c651bb81da2bffe: in 
DEBUG: Unshallowed git repo in 
DEBUG: ran git checkout master in 
DEBUG: ran git reset --hard 96e85152a0f2ae8b9a7f33be5c651bb81da2bffe in 
DEBUG: ran clean --force -d . in 
DEBUG: ran git merge 1f521cea18aa0eb5514dc25fcc8b3488f2a9d4f0 in 
Merged SHA 1f521cea18aa0eb5514dc25fcc8b3488f2a9d4f0 with commit message 'chore: Promote bdd-spring-1568055261 to version 0.0.1' into base branch master

waiting for stage [32mfrom-build-pack[0m : container [32mstep-build-helm-build[0m to start...


Showing logs for build [32mmeta-cb-kubecd-environment-pr-5-1[0m stage [32mfrom-build-pack[0m and container [32mstep-build-helm-build[0m
WARNING: No $CHART_REPOSITORY defined so using the default value of: http://jenkins-x-chartmuseum:8080
Adding missing Helm repo: storage.googleapis.com https://storage.googleapis.com/chartmuseum.jenkins-x.io
Successfully added Helm repository storage.googleapis.com.
Adding missing Helm repo: jenkins-x-chartmuseum http://jenkins-x-chartmuseum:8080
Successfully added Helm repository jenkins-x-chartmuseum.
WARNING: No $CHART_REPOSITORY defined so using the default value of: http://jenkins-x-chartmuseum:8080
Adding missing Helm repo: chartmuseum.jenkins-x.io http://chartmuseum.jenkins-x.io
Successfully added Helm repository chartmuseum.jenkins-x.io.
